<?xml version="1.0" encoding="UTF-8"?>
<testsuite xmlns:xsi="http://www.w3.org/2001/XMLSchema-instance" xsi:noNamespaceSchemaLocation="https://maven.apache.org/surefire/maven-surefire-plugin/xsd/surefire-test-report.xsd" name="com.xxx.typhoon.app.Test1" time="5.756" tests="1" errors="0" skipped="0" failures="0">
  <properties>
    <property name="sun.desktop" value="windows"/>
    <property name="awt.toolkit" value="sun.awt.windows.WToolkit"/>
    <property name="file.encoding.pkg" value="sun.io"/>
    <property name="java.specification.version" value="1.8"/>
    <property name="sun.cpu.isalist" value="amd64"/>
    <property name="sun.jnu.encoding" value="GBK"/>
    <property name="java.class.path" value="D:\兼职接单\L2903\代码\VisualizationOfTyphoonData\typhoon-data-app\target\test-classes;D:\兼职接单\L2903\代码\VisualizationOfTyphoonData\typhoon-data-app\target\classes;D:\Maven\maven_work\repository\org\springframework\boot\spring-boot-starter-web\2.6.4\spring-boot-starter-web-2.6.4.jar;D:\Maven\maven_work\repository\org\springframework\boot\spring-boot-starter\2.6.4\spring-boot-starter-2.6.4.jar;D:\Maven\maven_work\repository\org\springframework\boot\spring-boot-starter-logging\2.6.4\spring-boot-starter-logging-2.6.4.jar;D:\Maven\maven_work\repository\ch\qos\logback\logback-classic\1.2.10\logback-classic-1.2.10.jar;D:\Maven\maven_work\repository\ch\qos\logback\logback-core\1.2.10\logback-core-1.2.10.jar;D:\Maven\maven_work\repository\org\apache\logging\log4j\log4j-to-slf4j\2.17.1\log4j-to-slf4j-2.17.1.jar;D:\Maven\maven_work\repository\org\apache\logging\log4j\log4j-api\2.17.1\log4j-api-2.17.1.jar;D:\Maven\maven_work\repository\org\slf4j\jul-to-slf4j\1.7.36\jul-to-slf4j-1.7.36.jar;D:\Maven\maven_work\repository\jakarta\annotation\jakarta.annotation-api\1.3.5\jakarta.annotation-api-1.3.5.jar;D:\Maven\maven_work\repository\org\yaml\snakeyaml\1.29\snakeyaml-1.29.jar;D:\Maven\maven_work\repository\org\springframework\boot\spring-boot-starter-json\2.6.4\spring-boot-starter-json-2.6.4.jar;D:\Maven\maven_work\repository\com\fasterxml\jackson\datatype\jackson-datatype-jdk8\2.13.1\jackson-datatype-jdk8-2.13.1.jar;D:\Maven\maven_work\repository\com\fasterxml\jackson\datatype\jackson-datatype-jsr310\2.13.1\jackson-datatype-jsr310-2.13.1.jar;D:\Maven\maven_work\repository\com\fasterxml\jackson\module\jackson-module-parameter-names\2.13.1\jackson-module-parameter-names-2.13.1.jar;D:\Maven\maven_work\repository\org\springframework\boot\spring-boot-starter-tomcat\2.6.4\spring-boot-starter-tomcat-2.6.4.jar;D:\Maven\maven_work\repository\org\apache\tomcat\embed\tomcat-embed-core\9.0.58\tomcat-embed-core-9.0.58.jar;D:\Maven\maven_work\repository\org\apache\tomcat\embed\tomcat-embed-el\9.0.58\tomcat-embed-el-9.0.58.jar;D:\Maven\maven_work\repository\org\apache\tomcat\embed\tomcat-embed-websocket\9.0.58\tomcat-embed-websocket-9.0.58.jar;D:\Maven\maven_work\repository\org\springframework\spring-web\5.3.16\spring-web-5.3.16.jar;D:\Maven\maven_work\repository\org\springframework\spring-beans\5.3.16\spring-beans-5.3.16.jar;D:\Maven\maven_work\repository\org\springframework\spring-webmvc\5.3.16\spring-webmvc-5.3.16.jar;D:\Maven\maven_work\repository\org\springframework\spring-context\5.3.16\spring-context-5.3.16.jar;D:\Maven\maven_work\repository\org\springframework\spring-expression\5.3.16\spring-expression-5.3.16.jar;D:\Maven\maven_work\repository\com\baomidou\mybatis-plus-boot-starter\3.5.1\mybatis-plus-boot-starter-3.5.1.jar;D:\Maven\maven_work\repository\com\baomidou\mybatis-plus\3.5.1\mybatis-plus-3.5.1.jar;D:\Maven\maven_work\repository\com\baomidou\mybatis-plus-extension\3.5.1\mybatis-plus-extension-3.5.1.jar;D:\Maven\maven_work\repository\com\baomidou\mybatis-plus-core\3.5.1\mybatis-plus-core-3.5.1.jar;D:\Maven\maven_work\repository\com\baomidou\mybatis-plus-annotation\3.5.1\mybatis-plus-annotation-3.5.1.jar;D:\Maven\maven_work\repository\com\github\jsqlparser\jsqlparser\4.3\jsqlparser-4.3.jar;D:\Maven\maven_work\repository\org\mybatis\mybatis\3.5.9\mybatis-3.5.9.jar;D:\Maven\maven_work\repository\org\mybatis\mybatis-spring\2.0.6\mybatis-spring-2.0.6.jar;D:\Maven\maven_work\repository\org\springframework\boot\spring-boot-autoconfigure\2.6.4\spring-boot-autoconfigure-2.6.4.jar;D:\Maven\maven_work\repository\org\springframework\boot\spring-boot-starter-jdbc\2.6.4\spring-boot-starter-jdbc-2.6.4.jar;D:\Maven\maven_work\repository\com\zaxxer\HikariCP\4.0.3\HikariCP-4.0.3.jar;D:\Maven\maven_work\repository\org\springframework\spring-jdbc\5.3.16\spring-jdbc-5.3.16.jar;D:\Maven\maven_work\repository\org\springframework\spring-tx\5.3.16\spring-tx-5.3.16.jar;D:\Maven\maven_work\repository\com\baomidou\mybatis-plus-generator\3.5.2\mybatis-plus-generator-3.5.2.jar;D:\Maven\maven_work\repository\mysql\mysql-connector-java\5.1.45\mysql-connector-java-5.1.45.jar;D:\Maven\maven_work\repository\com\alibaba\druid\1.1.22\druid-1.1.22.jar;D:\Maven\maven_work\repository\org\projectlombok\lombok\1.16.18\lombok-1.16.18.jar;D:\Maven\maven_work\repository\org\springframework\boot\spring-boot-starter-test\2.6.4\spring-boot-starter-test-2.6.4.jar;D:\Maven\maven_work\repository\org\springframework\boot\spring-boot-test\2.6.4\spring-boot-test-2.6.4.jar;D:\Maven\maven_work\repository\org\springframework\boot\spring-boot-test-autoconfigure\2.6.4\spring-boot-test-autoconfigure-2.6.4.jar;D:\Maven\maven_work\repository\com\jayway\jsonpath\json-path\2.6.0\json-path-2.6.0.jar;D:\Maven\maven_work\repository\net\minidev\json-smart\2.4.8\json-smart-2.4.8.jar;D:\Maven\maven_work\repository\net\minidev\accessors-smart\2.4.8\accessors-smart-2.4.8.jar;D:\Maven\maven_work\repository\org\ow2\asm\asm\9.1\asm-9.1.jar;D:\Maven\maven_work\repository\jakarta\xml\bind\jakarta.xml.bind-api\2.3.3\jakarta.xml.bind-api-2.3.3.jar;D:\Maven\maven_work\repository\jakarta\activation\jakarta.activation-api\1.2.2\jakarta.activation-api-1.2.2.jar;D:\Maven\maven_work\repository\org\assertj\assertj-core\3.21.0\assertj-core-3.21.0.jar;D:\Maven\maven_work\repository\org\hamcrest\hamcrest\2.2\hamcrest-2.2.jar;D:\Maven\maven_work\repository\org\junit\jupiter\junit-jupiter\5.8.2\junit-jupiter-5.8.2.jar;D:\Maven\maven_work\repository\org\junit\jupiter\junit-jupiter-api\5.8.2\junit-jupiter-api-5.8.2.jar;D:\Maven\maven_work\repository\org\opentest4j\opentest4j\1.2.0\opentest4j-1.2.0.jar;D:\Maven\maven_work\repository\org\junit\platform\junit-platform-commons\1.8.2\junit-platform-commons-1.8.2.jar;D:\Maven\maven_work\repository\org\apiguardian\apiguardian-api\1.1.2\apiguardian-api-1.1.2.jar;D:\Maven\maven_work\repository\org\junit\jupiter\junit-jupiter-params\5.8.2\junit-jupiter-params-5.8.2.jar;D:\Maven\maven_work\repository\org\junit\jupiter\junit-jupiter-engine\5.8.2\junit-jupiter-engine-5.8.2.jar;D:\Maven\maven_work\repository\org\junit\platform\junit-platform-engine\1.8.2\junit-platform-engine-1.8.2.jar;D:\Maven\maven_work\repository\org\mockito\mockito-core\4.0.0\mockito-core-4.0.0.jar;D:\Maven\maven_work\repository\net\bytebuddy\byte-buddy\1.11.22\byte-buddy-1.11.22.jar;D:\Maven\maven_work\repository\net\bytebuddy\byte-buddy-agent\1.11.22\byte-buddy-agent-1.11.22.jar;D:\Maven\maven_work\repository\org\objenesis\objenesis\3.2\objenesis-3.2.jar;D:\Maven\maven_work\repository\org\mockito\mockito-junit-jupiter\4.0.0\mockito-junit-jupiter-4.0.0.jar;D:\Maven\maven_work\repository\org\skyscreamer\jsonassert\1.5.0\jsonassert-1.5.0.jar;D:\Maven\maven_work\repository\com\vaadin\external\google\android-json\0.0.20131108.vaadin1\android-json-0.0.20131108.vaadin1.jar;D:\Maven\maven_work\repository\org\springframework\spring-core\5.3.16\spring-core-5.3.16.jar;D:\Maven\maven_work\repository\org\springframework\spring-jcl\5.3.16\spring-jcl-5.3.16.jar;D:\Maven\maven_work\repository\org\springframework\spring-test\5.3.16\spring-test-5.3.16.jar;D:\Maven\maven_work\repository\org\xmlunit\xmlunit-core\2.8.4\xmlunit-core-2.8.4.jar;D:\Maven\maven_work\repository\org\springframework\boot\spring-boot-devtools\2.6.4\spring-boot-devtools-2.6.4.jar;D:\Maven\maven_work\repository\org\springframework\boot\spring-boot\2.6.4\spring-boot-2.6.4.jar;D:\Maven\maven_work\repository\org\springframework\boot\spring-boot-configuration-processor\2.6.4\spring-boot-configuration-processor-2.6.4.jar;D:\Maven\maven_work\repository\org\apache\velocity\velocity-engine-core\2.3\velocity-engine-core-2.3.jar;D:\Maven\maven_work\repository\org\apache\commons\commons-lang3\3.12.0\commons-lang3-3.12.0.jar;D:\Maven\maven_work\repository\org\slf4j\slf4j-api\1.7.36\slf4j-api-1.7.36.jar;D:\Maven\maven_work\repository\io\jsonwebtoken\jjwt\0.9.1\jjwt-0.9.1.jar;D:\Maven\maven_work\repository\com\fasterxml\jackson\core\jackson-databind\2.13.1\jackson-databind-2.13.1.jar;D:\Maven\maven_work\repository\com\fasterxml\jackson\core\jackson-annotations\2.13.1\jackson-annotations-2.13.1.jar;D:\Maven\maven_work\repository\com\fasterxml\jackson\core\jackson-core\2.13.1\jackson-core-2.13.1.jar;D:\Maven\maven_work\repository\org\springframework\boot\spring-boot-starter-aop\2.6.4\spring-boot-starter-aop-2.6.4.jar;D:\Maven\maven_work\repository\org\springframework\spring-aop\5.3.16\spring-aop-5.3.16.jar;D:\Maven\maven_work\repository\org\aspectj\aspectjweaver\1.9.7\aspectjweaver-1.9.7.jar;D:\Maven\maven_work\repository\org\springframework\boot\spring-boot-starter-freemarker\2.4.4\spring-boot-starter-freemarker-2.4.4.jar;D:\Maven\maven_work\repository\org\freemarker\freemarker\2.3.31\freemarker-2.3.31.jar;D:\Maven\maven_work\repository\org\springframework\spring-context-support\5.3.16\spring-context-support-5.3.16.jar;D:\兼职接单\L2903\代码\VisualizationOfTyphoonData\common\target\common-1.0-SNAPSHOT.jar;"/>
    <property name="java.vm.vendor" value="Oracle Corporation"/>
    <property name="sun.arch.data.model" value="64"/>
    <property name="user.variant" value=""/>
    <property name="java.vendor.url" value="http://java.oracle.com/"/>
    <property name="user.timezone" value="Asia/Shanghai"/>
    <property name="java.vm.specification.version" value="1.8"/>
    <property name="os.name" value="Windows 10"/>
    <property name="user.country" value="CN"/>
    <property name="sun.java.launcher" value="SUN_STANDARD"/>
    <property name="sun.boot.library.path" value="D:\JAVA\JDK\JDK8\jre\bin"/>
    <property name="sun.java.command" value="C:\Users\GL\AppData\Local\Temp\surefire4179506546920295818\surefirebooter3183433258676170432.jar C:\Users\GL\AppData\Local\Temp\surefire4179506546920295818 2022-08-30T22-33-31_164-jvmRun1 surefire4854389010268461422tmp surefire_04886198781765135363tmp"/>
    <property name="surefire.test.class.path" value="D:\兼职接单\L2903\代码\VisualizationOfTyphoonData\typhoon-data-app\target\test-classes;D:\兼职接单\L2903\代码\VisualizationOfTyphoonData\typhoon-data-app\target\classes;D:\Maven\maven_work\repository\org\springframework\boot\spring-boot-starter-web\2.6.4\spring-boot-starter-web-2.6.4.jar;D:\Maven\maven_work\repository\org\springframework\boot\spring-boot-starter\2.6.4\spring-boot-starter-2.6.4.jar;D:\Maven\maven_work\repository\org\springframework\boot\spring-boot-starter-logging\2.6.4\spring-boot-starter-logging-2.6.4.jar;D:\Maven\maven_work\repository\ch\qos\logback\logback-classic\1.2.10\logback-classic-1.2.10.jar;D:\Maven\maven_work\repository\ch\qos\logback\logback-core\1.2.10\logback-core-1.2.10.jar;D:\Maven\maven_work\repository\org\apache\logging\log4j\log4j-to-slf4j\2.17.1\log4j-to-slf4j-2.17.1.jar;D:\Maven\maven_work\repository\org\apache\logging\log4j\log4j-api\2.17.1\log4j-api-2.17.1.jar;D:\Maven\maven_work\repository\org\slf4j\jul-to-slf4j\1.7.36\jul-to-slf4j-1.7.36.jar;D:\Maven\maven_work\repository\jakarta\annotation\jakarta.annotation-api\1.3.5\jakarta.annotation-api-1.3.5.jar;D:\Maven\maven_work\repository\org\yaml\snakeyaml\1.29\snakeyaml-1.29.jar;D:\Maven\maven_work\repository\org\springframework\boot\spring-boot-starter-json\2.6.4\spring-boot-starter-json-2.6.4.jar;D:\Maven\maven_work\repository\com\fasterxml\jackson\datatype\jackson-datatype-jdk8\2.13.1\jackson-datatype-jdk8-2.13.1.jar;D:\Maven\maven_work\repository\com\fasterxml\jackson\datatype\jackson-datatype-jsr310\2.13.1\jackson-datatype-jsr310-2.13.1.jar;D:\Maven\maven_work\repository\com\fasterxml\jackson\module\jackson-module-parameter-names\2.13.1\jackson-module-parameter-names-2.13.1.jar;D:\Maven\maven_work\repository\org\springframework\boot\spring-boot-starter-tomcat\2.6.4\spring-boot-starter-tomcat-2.6.4.jar;D:\Maven\maven_work\repository\org\apache\tomcat\embed\tomcat-embed-core\9.0.58\tomcat-embed-core-9.0.58.jar;D:\Maven\maven_work\repository\org\apache\tomcat\embed\tomcat-embed-el\9.0.58\tomcat-embed-el-9.0.58.jar;D:\Maven\maven_work\repository\org\apache\tomcat\embed\tomcat-embed-websocket\9.0.58\tomcat-embed-websocket-9.0.58.jar;D:\Maven\maven_work\repository\org\springframework\spring-web\5.3.16\spring-web-5.3.16.jar;D:\Maven\maven_work\repository\org\springframework\spring-beans\5.3.16\spring-beans-5.3.16.jar;D:\Maven\maven_work\repository\org\springframework\spring-webmvc\5.3.16\spring-webmvc-5.3.16.jar;D:\Maven\maven_work\repository\org\springframework\spring-context\5.3.16\spring-context-5.3.16.jar;D:\Maven\maven_work\repository\org\springframework\spring-expression\5.3.16\spring-expression-5.3.16.jar;D:\Maven\maven_work\repository\com\baomidou\mybatis-plus-boot-starter\3.5.1\mybatis-plus-boot-starter-3.5.1.jar;D:\Maven\maven_work\repository\com\baomidou\mybatis-plus\3.5.1\mybatis-plus-3.5.1.jar;D:\Maven\maven_work\repository\com\baomidou\mybatis-plus-extension\3.5.1\mybatis-plus-extension-3.5.1.jar;D:\Maven\maven_work\repository\com\baomidou\mybatis-plus-core\3.5.1\mybatis-plus-core-3.5.1.jar;D:\Maven\maven_work\repository\com\baomidou\mybatis-plus-annotation\3.5.1\mybatis-plus-annotation-3.5.1.jar;D:\Maven\maven_work\repository\com\github\jsqlparser\jsqlparser\4.3\jsqlparser-4.3.jar;D:\Maven\maven_work\repository\org\mybatis\mybatis\3.5.9\mybatis-3.5.9.jar;D:\Maven\maven_work\repository\org\mybatis\mybatis-spring\2.0.6\mybatis-spring-2.0.6.jar;D:\Maven\maven_work\repository\org\springframework\boot\spring-boot-autoconfigure\2.6.4\spring-boot-autoconfigure-2.6.4.jar;D:\Maven\maven_work\repository\org\springframework\boot\spring-boot-starter-jdbc\2.6.4\spring-boot-starter-jdbc-2.6.4.jar;D:\Maven\maven_work\repository\com\zaxxer\HikariCP\4.0.3\HikariCP-4.0.3.jar;D:\Maven\maven_work\repository\org\springframework\spring-jdbc\5.3.16\spring-jdbc-5.3.16.jar;D:\Maven\maven_work\repository\org\springframework\spring-tx\5.3.16\spring-tx-5.3.16.jar;D:\Maven\maven_work\repository\com\baomidou\mybatis-plus-generator\3.5.2\mybatis-plus-generator-3.5.2.jar;D:\Maven\maven_work\repository\mysql\mysql-connector-java\5.1.45\mysql-connector-java-5.1.45.jar;D:\Maven\maven_work\repository\com\alibaba\druid\1.1.22\druid-1.1.22.jar;D:\Maven\maven_work\repository\org\projectlombok\lombok\1.16.18\lombok-1.16.18.jar;D:\Maven\maven_work\repository\org\springframework\boot\spring-boot-starter-test\2.6.4\spring-boot-starter-test-2.6.4.jar;D:\Maven\maven_work\repository\org\springframework\boot\spring-boot-test\2.6.4\spring-boot-test-2.6.4.jar;D:\Maven\maven_work\repository\org\springframework\boot\spring-boot-test-autoconfigure\2.6.4\spring-boot-test-autoconfigure-2.6.4.jar;D:\Maven\maven_work\repository\com\jayway\jsonpath\json-path\2.6.0\json-path-2.6.0.jar;D:\Maven\maven_work\repository\net\minidev\json-smart\2.4.8\json-smart-2.4.8.jar;D:\Maven\maven_work\repository\net\minidev\accessors-smart\2.4.8\accessors-smart-2.4.8.jar;D:\Maven\maven_work\repository\org\ow2\asm\asm\9.1\asm-9.1.jar;D:\Maven\maven_work\repository\jakarta\xml\bind\jakarta.xml.bind-api\2.3.3\jakarta.xml.bind-api-2.3.3.jar;D:\Maven\maven_work\repository\jakarta\activation\jakarta.activation-api\1.2.2\jakarta.activation-api-1.2.2.jar;D:\Maven\maven_work\repository\org\assertj\assertj-core\3.21.0\assertj-core-3.21.0.jar;D:\Maven\maven_work\repository\org\hamcrest\hamcrest\2.2\hamcrest-2.2.jar;D:\Maven\maven_work\repository\org\junit\jupiter\junit-jupiter\5.8.2\junit-jupiter-5.8.2.jar;D:\Maven\maven_work\repository\org\junit\jupiter\junit-jupiter-api\5.8.2\junit-jupiter-api-5.8.2.jar;D:\Maven\maven_work\repository\org\opentest4j\opentest4j\1.2.0\opentest4j-1.2.0.jar;D:\Maven\maven_work\repository\org\junit\platform\junit-platform-commons\1.8.2\junit-platform-commons-1.8.2.jar;D:\Maven\maven_work\repository\org\apiguardian\apiguardian-api\1.1.2\apiguardian-api-1.1.2.jar;D:\Maven\maven_work\repository\org\junit\jupiter\junit-jupiter-params\5.8.2\junit-jupiter-params-5.8.2.jar;D:\Maven\maven_work\repository\org\junit\jupiter\junit-jupiter-engine\5.8.2\junit-jupiter-engine-5.8.2.jar;D:\Maven\maven_work\repository\org\junit\platform\junit-platform-engine\1.8.2\junit-platform-engine-1.8.2.jar;D:\Maven\maven_work\repository\org\mockito\mockito-core\4.0.0\mockito-core-4.0.0.jar;D:\Maven\maven_work\repository\net\bytebuddy\byte-buddy\1.11.22\byte-buddy-1.11.22.jar;D:\Maven\maven_work\repository\net\bytebuddy\byte-buddy-agent\1.11.22\byte-buddy-agent-1.11.22.jar;D:\Maven\maven_work\repository\org\objenesis\objenesis\3.2\objenesis-3.2.jar;D:\Maven\maven_work\repository\org\mockito\mockito-junit-jupiter\4.0.0\mockito-junit-jupiter-4.0.0.jar;D:\Maven\maven_work\repository\org\skyscreamer\jsonassert\1.5.0\jsonassert-1.5.0.jar;D:\Maven\maven_work\repository\com\vaadin\external\google\android-json\0.0.20131108.vaadin1\android-json-0.0.20131108.vaadin1.jar;D:\Maven\maven_work\repository\org\springframework\spring-core\5.3.16\spring-core-5.3.16.jar;D:\Maven\maven_work\repository\org\springframework\spring-jcl\5.3.16\spring-jcl-5.3.16.jar;D:\Maven\maven_work\repository\org\springframework\spring-test\5.3.16\spring-test-5.3.16.jar;D:\Maven\maven_work\repository\org\xmlunit\xmlunit-core\2.8.4\xmlunit-core-2.8.4.jar;D:\Maven\maven_work\repository\org\springframework\boot\spring-boot-devtools\2.6.4\spring-boot-devtools-2.6.4.jar;D:\Maven\maven_work\repository\org\springframework\boot\spring-boot\2.6.4\spring-boot-2.6.4.jar;D:\Maven\maven_work\repository\org\springframework\boot\spring-boot-configuration-processor\2.6.4\spring-boot-configuration-processor-2.6.4.jar;D:\Maven\maven_work\repository\org\apache\velocity\velocity-engine-core\2.3\velocity-engine-core-2.3.jar;D:\Maven\maven_work\repository\org\apache\commons\commons-lang3\3.12.0\commons-lang3-3.12.0.jar;D:\Maven\maven_work\repository\org\slf4j\slf4j-api\1.7.36\slf4j-api-1.7.36.jar;D:\Maven\maven_work\repository\io\jsonwebtoken\jjwt\0.9.1\jjwt-0.9.1.jar;D:\Maven\maven_work\repository\com\fasterxml\jackson\core\jackson-databind\2.13.1\jackson-databind-2.13.1.jar;D:\Maven\maven_work\repository\com\fasterxml\jackson\core\jackson-annotations\2.13.1\jackson-annotations-2.13.1.jar;D:\Maven\maven_work\repository\com\fasterxml\jackson\core\jackson-core\2.13.1\jackson-core-2.13.1.jar;D:\Maven\maven_work\repository\org\springframework\boot\spring-boot-starter-aop\2.6.4\spring-boot-starter-aop-2.6.4.jar;D:\Maven\maven_work\repository\org\springframework\spring-aop\5.3.16\spring-aop-5.3.16.jar;D:\Maven\maven_work\repository\org\aspectj\aspectjweaver\1.9.7\aspectjweaver-1.9.7.jar;D:\Maven\maven_work\repository\org\springframework\boot\spring-boot-starter-freemarker\2.4.4\spring-boot-starter-freemarker-2.4.4.jar;D:\Maven\maven_work\repository\org\freemarker\freemarker\2.3.31\freemarker-2.3.31.jar;D:\Maven\maven_work\repository\org\springframework\spring-context-support\5.3.16\spring-context-support-5.3.16.jar;D:\兼职接单\L2903\代码\VisualizationOfTyphoonData\common\target\common-1.0-SNAPSHOT.jar;"/>
    <property name="sun.cpu.endian" value="little"/>
    <property name="user.home" value="C:\Users\GL"/>
    <property name="user.language" value="zh"/>
    <property name="java.specification.vendor" value="Oracle Corporation"/>
    <property name="java.home" value="D:\JAVA\JDK\JDK8\jre"/>
    <property name="basedir" value="D:\兼职接单\L2903\代码\VisualizationOfTyphoonData\typhoon-data-app"/>
    <property name="file.separator" value="\"/>
    <property name="line.separator" value="&#10;"/>
    <property name="java.vm.specification.vendor" value="Oracle Corporation"/>
    <property name="java.specification.name" value="Java Platform API Specification"/>
    <property name="java.awt.graphicsenv" value="sun.awt.Win32GraphicsEnvironment"/>
    <property name="surefire.real.class.path" value="C:\Users\GL\AppData\Local\Temp\surefire4179506546920295818\surefirebooter3183433258676170432.jar"/>
    <property name="sun.boot.class.path" value="D:\JAVA\JDK\JDK8\jre\lib\resources.jar;D:\JAVA\JDK\JDK8\jre\lib\rt.jar;D:\JAVA\JDK\JDK8\jre\lib\sunrsasign.jar;D:\JAVA\JDK\JDK8\jre\lib\jsse.jar;D:\JAVA\JDK\JDK8\jre\lib\jce.jar;D:\JAVA\JDK\JDK8\jre\lib\charsets.jar;D:\JAVA\JDK\JDK8\jre\lib\jfr.jar;D:\JAVA\JDK\JDK8\jre\classes"/>
    <property name="user.script" value=""/>
    <property name="sun.management.compiler" value="HotSpot 64-Bit Tiered Compilers"/>
    <property name="java.runtime.version" value="1.8.0_333-b02"/>
    <property name="user.name" value="GL"/>
    <property name="path.separator" value=";"/>
    <property name="os.version" value="10.0"/>
    <property name="java.endorsed.dirs" value="D:\JAVA\JDK\JDK8\jre\lib\endorsed"/>
    <property name="java.runtime.name" value="Java(TM) SE Runtime Environment"/>
    <property name="file.encoding" value="GBK"/>
    <property name="java.vm.name" value="Java HotSpot(TM) 64-Bit Server VM"/>
    <property name="localRepository" value="D:\Maven\maven_work\repository"/>
    <property name="java.vendor.url.bug" value="http://bugreport.sun.com/bugreport/"/>
    <property name="java.io.tmpdir" value="C:\Users\GL\AppData\Local\Temp\"/>
    <property name="idea.version" value="2021.1.3"/>
    <property name="java.version" value="1.8.0_333"/>
    <property name="user.dir" value="D:\兼职接单\L2903\代码\VisualizationOfTyphoonData\typhoon-data-app"/>
    <property name="os.arch" value="amd64"/>
    <property name="java.vm.specification.name" value="Java Virtual Machine Specification"/>
    <property name="java.awt.printerjob" value="sun.awt.windows.WPrinterJob"/>
    <property name="sun.os.patch.level" value=""/>
    <property name="java.library.path" value="D:\JAVA\JDK\JDK8\jre\bin;C:\WINDOWS\Sun\Java\bin;C:\WINDOWS\system32;C:\WINDOWS;C:\Program Files (x86)\NVIDIA Corporation\PhysX\Common;C:\Program Files (x86)\Common Files\Oracle\Java\javapath;C:\ProgramData\Oracle\Java\javapath;C:\Python\Scripts\;C:\Python\;D:\JAVA\JDK\JDK8\bin;D:\JAVA\JDK\JDK8\jre\bin;C:\WINDOWS\system32;C:\WINDOWS;C:\WINDOWS\System32\Wbem;C:\WINDOWS\System32\WindowsPowerShell\v1.0\;C:\WINDOWS\System32\OpenSSH\;C:\Program Files (x86)\dotnet\;D:\mysql-5.6.21-winx64\mysql-5.6.21-winx64\bin;%M2_HOME%\bin;C:\Program Files (x86)\EasyShare\x86\;C:\Program Files (x86)\EasyShare\x64\;D:\Wamp\bin\php\php7.4.26;D:\JavaScript学习\nodejs\;D;\Git\cmd;D:\xampp\apache\php;C:\Program Files (x86)\NetSarang\Xshell 7\;C:\Program Files (x86)\NetSarang\Xftp 7\;C:\Users\GL\微信web开发者工具\dll;D:\HBu;lder\开发工具\微信web开发者工具\dll;D:\Git\cmd;D:\Maven\maven_work\apache-maven-3.6.3-bin\apache-maven-3.6.3\bin;C:\Users\GL\AppData\Local\Microsoft\WindowsApps;C:\Pycharm\PyCharm 2021.1.1\bin;;C:\Program Files\JetBrains\IntelliJ IDEA 2021.1.3\bin;;C:\Program Files\JetBrains\PhpStorm 2020.1\bin;;C:\Users\GL\AppData\Roaming\npm;C:\Program Files (x86)\Tencent\QQGameTempest\Hall.57734\;C:\Users\GL\AppData\Local\Programs\Microsoft VS Code\bin;D:\JAVA\JDK\JDK8\bin;D:\JAVA\JDK\JDK8\jre\bin;;."/>
    <property name="java.vm.info" value="mixed mode"/>
    <property name="java.vendor" value="Oracle Corporation"/>
    <property name="java.vm.version" value="25.333-b02"/>
    <property name="java.ext.dirs" value="D:\JAVA\JDK\JDK8\jre\lib\ext;C:\WINDOWS\Sun\Java\lib\ext"/>
    <property name="sun.io.unicode.encoding" value="UnicodeLittle"/>
    <property name="maven.repo.local" value="D:\Maven\maven_work\repository"/>
    <property name="java.class.version" value="52.0"/>
  </properties>
  <testcase name="test1" classname="com.xxx.typhoon.app.Test1" time="1.043"/>
</testsuite>